{"level":"info","msg":"register","time":"2025-02-25T14:25:14+08:00"}
{"level":"info","msg":"请求日志：方法: GET | 路由: /auth/register | 客户端 IP: ::1 | 响应状态: È | 耗时: 296.166µs","time":"2025-02-25T14:25:14+08:00"}
{"level":"info","msg":"请求日志：方法: GET | 路由:  | 客户端 IP: ::1 | 响应状态: Ɣ | 耗时: 2.015µs","time":"2025-02-25T14:25:14+08:00"}
{"level":"info","msg":"register","time":"2025-02-25T14:25:38+08:00"}
{"level":"info","msg":"请求日志：方法: GET | 路由: /auth/register | 客户端 IP: ::1 | 响应状态: È | 耗时: 285.264761ms","time":"2025-02-25T14:25:38+08:00"}
{"level":"info","msg":"register","time":"2025-02-25T14:25:45+08:00"}
{"level":"info","msg":"请求日志：方法: GET | 路由: /auth/register | 客户端 IP: ::1 | 响应状态: È | 耗时: 16.220435ms","time":"2025-02-25T14:25:45+08:00"}
{"level":"info","msg":"register","time":"2025-02-25T14:25:46+08:00"}
{"level":"info","msg":"请求日志：方法: GET | 路由: /auth/register | 客户端 IP: ::1 | 响应状态: È | 耗时: 16.003642ms","time":"2025-02-25T14:25:46+08:00"}
{"level":"info","msg":"register","time":"2025-02-25T14:47:47+08:00"}
{"level":"info","msg":"请求日志：方法: GET | 路由: /auth/register | 客户端 IP: ::1 | 响应状态: È | 耗时: 173.671578ms","time":"2025-02-25T14:47:47+08:00"}
{"level":"info","msg":"Hello route hit","time":"2025-02-25T14:50:04+08:00"}
{"level":"info","msg":"register","time":"2025-02-25T14:50:12+08:00"}
{"level":"info","msg":"register","time":"2025-02-25T14:50:58+08:00"}
{"level":"info","msg":"register","time":"2025-02-25T15:46:46+08:00"}
{"level":"info","msg":"请求日志已成功记录到 Elasticsearch","time":"2025-02-25T15:46:46+08:00"}
{"level":"info","msg":"请求日志已成功记录到 Elasticsearch","time":"2025-02-25T15:46:46+08:00"}
{"level":"info","msg":"register","time":"2025-02-25T15:47:30+08:00"}
{"level":"info","msg":"请求日志已成功记录到 Elasticsearch","time":"2025-02-25T15:47:30+08:00"}
{"level":"info","msg":"register","time":"2025-02-25T15:47:40+08:00"}
{"level":"info","msg":"请求日志已成功记录到 Elasticsearch","time":"2025-02-25T15:47:40+08:00"}
{"level":"info","msg":"register","time":"2025-02-25T15:48:18+08:00"}
{"level":"info","msg":"请求日志已成功记录到 Elasticsearch","time":"2025-02-25T15:48:18+08:00"}
{"level":"info","msg":"register","time":"2025-02-25T15:57:43+08:00"}
{"level":"info","msg":"请求日志已成功记录到 Elasticsearch","time":"2025-02-25T15:57:44+08:00"}
{"fields.level":"info","level":"info","message":"register","msg":"register","time":"2025-02-25T16:00:19+08:00"}
{"fields.level":"info","level":"info","message":"请求日志已成功记录到 Elasticsearch","msg":"请求日志已成功记录到 Elasticsearch","time":"2025-02-25T16:00:20+08:00"}
{"fields.level":"info","level":"info","message":"请求日志已成功记录到 Elasticsearch","msg":"请求日志已成功记录到 Elasticsearch","time":"2025-02-25T16:01:40+08:00"}
{"fields.level":"info","level":"info","message":"请求日志已成功记录到 Elasticsearch","msg":"请求日志已成功记录到 Elasticsearch","time":"2025-02-25T16:02:09+08:00"}
{"fields.level":"info","level":"info","message":"请求日志已成功记录到 Elasticsearch","msg":"请求日志已成功记录到 Elasticsearch","time":"2025-02-25T16:05:23+08:00"}
{"fields.level":"info","level":"info","message":"请求日志已成功记录到 Elasticsearch","msg":"请求日志已成功记录到 Elasticsearch","time":"2025-02-25T16:05:40+08:00"}
{"fields.level":"info","level":"info","message":"请求日志已成功记录到 Elasticsearch","msg":"请求日志已成功记录到 Elasticsearch","time":"2025-02-25T16:06:48+08:00"}
{"fields.level":"info","level":"info","message":"register","msg":"register","time":"2025-02-25T16:07:01+08:00"}
{"fields.level":"info","level":"info","message":"请求日志已成功记录到 Elasticsearch","msg":"请求日志已成功记录到 Elasticsearch","time":"2025-02-25T16:07:01+08:00"}
{"fields.level":"info","level":"info","message":"请求日志已成功记录到 Elasticsearch","msg":"请求日志已成功记录到 Elasticsearch","time":"2025-02-25T16:07:18+08:00"}
{"fields.level":"info","level":"info","message":"register","msg":"register","time":"2025-02-25T16:07:21+08:00"}
{"fields.level":"info","level":"info","message":"请求日志已成功记录到 Elasticsearch","msg":"请求日志已成功记录到 Elasticsearch","time":"2025-02-25T16:07:21+08:00"}
{"fields.level":"info","level":"info","message":"register","msg":"register","time":"2025-02-25T16:08:18+08:00"}
{"fields.level":"info","level":"info","message":"请求日志已成功记录到 Elasticsearch","msg":"请求日志已成功记录到 Elasticsearch","time":"2025-02-25T16:08:18+08:00"}
{"fields.level":"info","level":"info","message":"register","msg":"register","time":"2025-02-25T16:20:04+08:00"}
{"fields.level":"info","level":"info","message":"请求日志已成功记录到 Elasticsearch","msg":"请求日志已成功记录到 Elasticsearch","time":"2025-02-25T16:20:04+08:00"}
{"fields.level":"info","level":"info","message":"register","msg":"register","time":"2025-02-25T16:22:25+08:00"}
{"fields.level":"info","level":"info","message":"请求日志已成功记录到 Elasticsearch","msg":"请求日志已成功记录到 Elasticsearch","time":"2025-02-25T16:22:25+08:00"}
{"fields.level":"info","level":"info","message":"register","msg":"register","time":"2025-02-25T16:25:23+08:00"}
{"error":"elastic: Error 400 (Bad Request): [1:150] object mapping for [请求体] tried to parse field [请求体] as object, but found a concrete value [type=document_parsing_exception]","fields.level":"error","level":"error","message":"日志记录失败: ","msg":"日志记录失败: ","time":"2025-02-25T16:25:23+08:00"}
{"fields.level":"info","level":"info","message":"register","msg":"register","time":"2025-02-25T16:32:06+08:00"}
{"fields.level":"info","level":"info","message":"请求日志已成功记录到 Elasticsearch","msg":"请求日志已成功记录到 Elasticsearch","time":"2025-02-25T16:32:06+08:00"}
{"fields.level":"info","level":"info","message":"register","msg":"register","time":"2025-02-25T16:33:47+08:00"}
{"fields.level":"info","level":"info","message":"请求日志已成功记录到 Elasticsearch","msg":"请求日志已成功记录到 Elasticsearch","time":"2025-02-25T16:33:48+08:00"}
{"fields.level":"info","level":"info","message":"register","msg":"register","time":"2025-02-25T16:40:23+08:00"}
{"fields.level":"info","level":"info","message":"请求日志已成功记录到 Elasticsearch","msg":"请求日志已成功记录到 Elasticsearch","time":"2025-02-25T16:40:23+08:00"}
{"fields.level":"info","level":"info","message":"register","msg":"register","time":"2025-02-25T16:48:27+08:00"}
{"fields.level":"info","level":"info","message":"请求日志已成功记录到 Elasticsearch","msg":"请求日志已成功记录到 Elasticsearch","time":"2025-02-25T16:48:27+08:00"}
{"fields.level":"info","level":"info","message":"register","msg":"register","time":"2025-02-25T16:54:38+08:00"}
{"fields.level":"info","level":"info","message":"请求日志已成功记录到 Elasticsearch","msg":"请求日志已成功记录到 Elasticsearch","time":"2025-02-25T16:54:38+08:00"}
{"fields.level":"info","level":"info","message":"register","msg":"register","time":"2025-02-25T16:55:21+08:00"}
{"fields.level":"info","level":"info","message":"请求日志已成功记录到 Elasticsearch","msg":"请求日志已成功记录到 Elasticsearch","time":"2025-02-25T16:55:21+08:00"}
{"fields.level":"info","level":"info","message":"请求日志已成功记录到 Elasticsearch","msg":"请求日志已成功记录到 Elasticsearch","time":"2025-02-25T16:56:40+08:00"}
{"fields.level":"info","level":"info","message":"请求日志已成功记录到 Elasticsearch","msg":"请求日志已成功记录到 Elasticsearch","time":"2025-02-25T16:58:32+08:00"}
{"fields.level":"info","level":"info","message":"请求日志已成功记录到 Elasticsearch","msg":"请求日志已成功记录到 Elasticsearch","time":"2025-02-25T16:59:11+08:00"}
{"fields.level":"info","level":"info","message":"请求日志已成功记录到 Elasticsearch","msg":"请求日志已成功记录到 Elasticsearch","time":"2025-02-25T16:59:32+08:00"}
{"fields.level":"info","level":"info","message":"请求日志已成功记录到 Elasticsearch","msg":"请求日志已成功记录到 Elasticsearch","time":"2025-02-25T17:04:50+08:00"}
{"fields.level":"info","level":"info","message":"请求日志已成功记录到 Elasticsearch","msg":"请求日志已成功记录到 Elasticsearch","time":"2025-02-25T17:11:54+08:00"}
{"fields.level":"info","level":"info","message":"请求日志已成功记录到 Elasticsearch","msg":"请求日志已成功记录到 Elasticsearch","time":"2025-02-25T17:45:27+08:00"}
{"fields.level":"info","level":"info","message":"请求日志已成功记录到 Elasticsearch","msg":"请求日志已成功记录到 Elasticsearch","time":"2025-02-25T17:46:16+08:00"}
{"error":"no available connection: no Elasticsearch node available","fields.level":"error","level":"error","message":"日志记录失败: ","msg":"日志记录失败: ","time":"2025-02-25T17:50:12+08:00"}
{"fields.level":"info","level":"info","message":"请求日志已成功记录到 Elasticsearch","msg":"请求日志已成功记录到 Elasticsearch","time":"2025-02-25T17:50:34+08:00"}
{"fields.level":"info","level":"info","message":"请求日志已成功记录到 Elasticsearch","msg":"请求日志已成功记录到 Elasticsearch","time":"2025-02-25T20:08:22+08:00"}
{"fields.level":"info","level":"info","message":"请求日志已成功记录到 Elasticsearch","msg":"请求日志已成功记录到 Elasticsearch","time":"2025-02-25T20:19:52+08:00"}
{"fields.level":"info","level":"info","message":"请求日志已成功记录到 Elasticsearch","msg":"请求日志已成功记录到 Elasticsearch","time":"2025-02-25T20:19:59+08:00"}
{"fields.level":"info","level":"info","message":"请求日志已成功记录到 Elasticsearch","msg":"请求日志已成功记录到 Elasticsearch","time":"2025-02-25T20:21:38+08:00"}
