{"fields.level":"info","level":"info","message":"日志系统初始化成功","msg":"日志系统初始化成功","time":"2025-02-26T22:01:27+08:00"}
{"error":"This is a simulated error","fields.level":"error","level":"error","message":"An error occurred","msg":"An error occurred","time":"2025-02-26T22:01:27+08:00"}
{"fields.level":"info","level":"info","message":"日志系统初始化成功","msg":"日志系统初始化成功","time":"2025-02-26T22:02:08+08:00"}
{"error":"This is a simulated error","fields.level":"error","level":"error","message":"An error occurred","msg":"An error occurred","time":"2025-02-26T22:02:08+08:00"}
{"fields.level":"info","level":"info","message":"请求日志已成功记录到 Elasticsearch","msg":"请求日志已成功记录到 Elasticsearch","time":"2025-02-26T22:03:42+08:00"}
{"fields.level":"info","level":"info","message":"日志系统初始化成功","msg":"日志系统初始化成功","time":"2025-02-26T22:05:41+08:00"}
{"error":"dial tcp 127.0.0.1:9200: connect: connection refused","fields.level":"error","level":"error","message":"日志记录失败: ","msg":"日志记录失败: ","time":"2025-02-26T22:05:53+08:00"}
{"fields.level":"info","level":"info","message":"日志系统初始化成功","msg":"日志系统初始化成功","time":"2025-02-26T22:06:08+08:00"}
{"fields.level":"info","level":"info","message":"日志系统初始化成功","msg":"日志系统初始化成功","time":"2025-02-28T12:22:44+08:00"}
{"fields.level":"info","level":"info","message":"日志系统初始化成功","msg":"日志系统初始化成功","time":"2025-02-28T15:54:33+08:00"}
{"fields.level":"info","level":"info","message":"日志系统初始化成功","msg":"日志系统初始化成功","time":"2025-02-28T15:54:57+08:00"}
{"fields.level":"info","level":"info","message":"日志系统初始化成功","msg":"日志系统初始化成功","time":"2025-02-28T16:41:50+08:00"}
{"fields.level":"info","level":"info","message":"日志系统初始化成功","msg":"日志系统初始化成功","time":"2025-02-28T16:42:33+08:00"}
{"fields.level":"info","level":"info","message":"日志系统初始化成功","msg":"日志系统初始化成功","time":"2025-02-28T16:46:24+08:00"}
{"fields.level":"info","level":"info","message":"日志系统初始化成功","msg":"日志系统初始化成功","time":"2025-02-28T17:00:44+08:00"}
{"fields.level":"info","level":"info","message":"日志系统初始化成功","msg":"日志系统初始化成功","time":"2025-02-28T17:03:05+08:00"}
{"fields.level":"info","level":"info","message":"日志系统初始化成功","msg":"日志系统初始化成功","time":"2025-02-28T17:35:38+08:00"}
{"fields.level":"info","level":"info","message":"日志系统初始化成功","msg":"日志系统初始化成功","time":"2025-02-28T17:35:46+08:00"}
{"fields.level":"info","level":"info","message":"日志系统初始化成功","msg":"日志系统初始化成功","time":"2025-02-28T17:37:50+08:00"}
{"fields.level":"info","level":"info","message":"日志系统初始化成功","msg":"日志系统初始化成功","time":"2025-02-28T17:38:15+08:00"}
{"fields.level":"info","level":"info","message":"日志系统初始化成功","msg":"日志系统初始化成功","time":"2025-02-28T17:38:19+08:00"}
{"fields.level":"info","level":"info","message":"日志系统初始化成功","msg":"日志系统初始化成功","time":"2025-02-28T19:37:27+08:00"}
{"fields.level":"info","level":"info","message":"日志系统初始化成功","msg":"日志系统初始化成功","time":"2025-02-28T20:03:25+08:00"}
{"fields.level":"info","level":"info","message":"请求日志已成功记录到 Elasticsearch","msg":"请求日志已成功记录到 Elasticsearch","time":"2025-02-28T20:05:39+08:00"}
{"fields.level":"info","level":"info","message":"请求日志已成功记录到 Elasticsearch","msg":"请求日志已成功记录到 Elasticsearch","time":"2025-02-28T20:05:39+08:00"}
{"fields.level":"info","level":"info","message":"日志系统初始化成功","msg":"日志系统初始化成功","time":"2025-02-28T20:17:07+08:00"}
{"fields.level":"info","level":"info","message":"请求日志已成功记录到 Elasticsearch","msg":"请求日志已成功记录到 Elasticsearch","time":"2025-02-28T20:18:44+08:00"}
{"fields.level":"info","level":"info","message":"日志系统初始化成功","msg":"日志系统初始化成功","time":"2025-02-28T20:19:32+08:00"}
{"error":"ERROR: syntax error at or near \"\"SELECT * FROM username WHERE name = ?\"\" (SQLSTATE 42601)","fields.level":"error","level":"error","message":"查询失败：","msg":"查询失败：","time":"2025-02-28T20:19:35+08:00"}
{"fields.level":"info","level":"info","message":"请求日志已成功记录到 Elasticsearch","msg":"请求日志已成功记录到 Elasticsearch","time":"2025-02-28T20:19:35+08:00"}
{"fields.level":"info","level":"info","message":"日志系统初始化成功","msg":"日志系统初始化成功","time":"2025-02-28T20:20:55+08:00"}
{"error":"ERROR: syntax error at or near \"\"SELECT * FROM sky_auth_users WHERE username = ?\"\" (SQLSTATE 42601)","fields.level":"error","level":"error","message":"查询失败：","msg":"查询失败：","time":"2025-02-28T20:20:59+08:00"}
{"fields.level":"info","level":"info","message":"请求日志已成功记录到 Elasticsearch","msg":"请求日志已成功记录到 Elasticsearch","time":"2025-02-28T20:20:59+08:00"}
{"fields.level":"info","level":"info","message":"日志系统初始化成功","msg":"日志系统初始化成功","time":"2025-02-28T20:21:46+08:00"}
{"error":"dial tcp 127.0.0.1:9200: connect: connection refused","fields.level":"error","level":"error","message":"日志记录失败: ","msg":"日志记录失败: ","time":"2025-02-28T20:21:51+08:00"}
{"fields.level":"info","level":"info","message":"日志系统初始化成功","msg":"日志系统初始化成功","time":"2025-02-28T20:26:35+08:00"}
{"error":"ERROR: syntax error at or near \"，\" (SQLSTATE 42601)","fields.level":"error","level":"error","message":"查询失败：","msg":"查询失败：","time":"2025-02-28T20:26:42+08:00"}
{"fields.level":"info","level":"info","message":"请求日志已成功记录到 Elasticsearch","msg":"请求日志已成功记录到 Elasticsearch","time":"2025-02-28T20:26:42+08:00"}
{"fields.level":"info","level":"info","message":"日志系统初始化成功","msg":"日志系统初始化成功","time":"2025-02-28T20:27:09+08:00"}
{"error":"ERROR: syntax error at or near \"，\" (SQLSTATE 42601)","fields.level":"error","level":"error","message":"查询失败：","msg":"查询失败：","time":"2025-02-28T20:27:13+08:00"}
{"error":"dial tcp 127.0.0.1:9200: connect: connection refused","fields.level":"error","level":"error","message":"日志记录失败: ","msg":"日志记录失败: ","time":"2025-02-28T20:27:13+08:00"}
{"fields.level":"info","level":"info","message":"日志系统初始化成功","msg":"日志系统初始化成功","time":"2025-02-28T20:27:23+08:00"}
{"error":"ERROR: syntax error at or near \"，\" (SQLSTATE 42601)","fields.level":"error","level":"error","message":"查询失败：","msg":"查询失败：","time":"2025-02-28T20:27:26+08:00"}
{"error":"dial tcp 127.0.0.1:9200: connect: connection refused","fields.level":"error","level":"error","message":"日志记录失败: ","msg":"日志记录失败: ","time":"2025-02-28T20:27:26+08:00"}
{"fields.level":"info","level":"info","message":"日志系统初始化成功","msg":"日志系统初始化成功","time":"2025-02-28T20:28:38+08:00"}
{"error":"dial tcp 127.0.0.1:9200: connect: connection refused","fields.level":"error","level":"error","message":"日志记录失败: ","msg":"日志记录失败: ","time":"2025-02-28T20:28:43+08:00"}
{"fields.level":"info","level":"info","message":"日志系统初始化成功","msg":"日志系统初始化成功","time":"2025-02-28T20:31:16+08:00"}
{"fields.level":"info","level":"info","message":"日志系统初始化成功","msg":"日志系统初始化成功","time":"2025-02-28T20:41:07+08:00"}
{"error":"dial tcp 127.0.0.1:9200: connect: connection refused","fields.level":"error","level":"error","message":"日志记录失败: ","msg":"日志记录失败: ","time":"2025-02-28T20:41:13+08:00"}
{"fields.level":"info","level":"info","message":"日志系统初始化成功","msg":"日志系统初始化成功","time":"2025-02-28T20:41:49+08:00"}
{"fields.level":"info","level":"info","message":"日志系统初始化成功","msg":"日志系统初始化成功","time":"2025-02-28T20:42:17+08:00"}
{"fields.level":"info","level":"info","message":"日志系统初始化成功","msg":"日志系统初始化成功","time":"2025-02-28T20:44:11+08:00"}
{"fields.level":"info","level":"info","message":"日志系统初始化成功","msg":"日志系统初始化成功","time":"2025-02-28T20:44:30+08:00"}
{"fields.level":"info","level":"info","message":"日志系统初始化成功","msg":"日志系统初始化成功","time":"2025-02-28T20:44:39+08:00"}
{"fields.level":"info","level":"info","message":"日志系统初始化成功","msg":"日志系统初始化成功","time":"2025-02-28T20:44:58+08:00"}
{"fields.level":"info","level":"info","message":"日志系统初始化成功","msg":"日志系统初始化成功","time":"2025-02-28T22:33:52+08:00"}
{"fields.level":"info","level":"info","message":"日志系统初始化成功","msg":"日志系统初始化成功","time":"2025-02-28T22:34:05+08:00"}
{"fields.level":"info","level":"info","message":"日志系统初始化成功","msg":"日志系统初始化成功","time":"2025-02-28T22:55:04+08:00"}
